<?xml version="1.0" encoding="UTF-8"?>
<!-- Generated by org.testng.reporters.JUnitReportReporter -->
<testsuite skipped="0" hostname="DESKTOP-RSEF481" name="Scenario1" tests="1" failures="0" timestamp="27 Oct 2017 13:45:09 GMT" time="26.562" errors="0">
  <testcase name="start" time="26.562" classname="Scenario1"/>
</testsuite> <!-- Scenario1 -->
